<?xml version="1.0" encoding="UTF-8"?>
<!-- Generated by org.testng.reporters.JUnitReportReporter -->
<testsuite hostname="Sulakhe-Family5" failures="0" tests="1" name="loginOpeninApp.LoginOpeninAppUser" time="37.238" errors="0" timestamp="2024-08-21T22:21:08 IST" skipped="0">
  <testcase classname="loginOpeninApp.LoginOpeninAppUser" name="instagram" time="37.238"/>
</testsuite> <!-- loginOpeninApp.LoginOpeninAppUser -->
